2025-09-06 21:51:22.785 | INFO     | utils_logger:<module>:41 - Logging to file: logs\project_log.log
2025-09-06 21:51:22.785 | INFO     | __main__:main:97 - Starting CSV fetch demonstration...
2025-09-06 21:51:22.786 | INFO     | __main__:fetch_csv_file:56 - Fetching CSV data from https://raw.githubusercontent.com/MainakRepositor/Datasets/master/World%20Happiness%20Data/2020.csv...
2025-09-06 21:51:23.446 | INFO     | __main__:write_csv_file:80 - Writing CSV data to example_data\2020_happiness.csv...
2025-09-06 21:51:23.453 | INFO     | __main__:write_csv_file:84 - SUCCESS: CSV data written to example_data\2020_happiness.csv
2025-09-06 21:51:23.454 | INFO     | __main__:fetch_csv_file:60 - SUCCESS: CSV file fetched and saved as 2020_happiness.csv
2025-09-06 21:54:30.465 | INFO     | utils_logger:<module>:41 - Logging to file: logs\project_log.log
2025-09-06 21:54:30.466 | INFO     | __main__:main:97 - Starting Excel fetch demonstration...
2025-09-06 21:54:30.466 | INFO     | __main__:fetch_excel_file:56 - Fetching Excel data from https://raw.githubusercontent.com/denisecase/datafun-03-analytics/main/hosted/Feedback.xlsx...
2025-09-06 21:54:31.208 | INFO     | __main__:write_excel_file:80 - Writing Excel data to example_data\Feedback.xlsx...
2025-09-06 21:54:31.224 | INFO     | __main__:write_excel_file:84 - SUCCESS: Excel data written to example_data\Feedback.xlsx
2025-09-06 21:54:31.225 | INFO     | __main__:fetch_excel_file:60 - SUCCESS: Excel file fetched and saved as Feedback.xlsx
2025-09-06 22:04:44.825 | INFO     | utils_logger:<module>:41 - Logging to file: logs\project_log.log
2025-09-06 22:04:44.825 | INFO     | __main__:main:98 - Starting JSON fetch demonstration...
2025-09-06 22:04:44.825 | INFO     | __main__:fetch_json_file:57 - Fetching JSON data from http://api.open-notify.org/astros.json...
2025-09-06 22:04:44.986 | INFO     | __main__:write_json_file:81 - Writing JSON data to example_data\astros.json...
2025-09-06 22:04:44.990 | INFO     | __main__:write_json_file:85 - SUCCESS: JSON data written to example_data\astros.json
2025-09-06 22:04:44.990 | INFO     | __main__:fetch_json_file:61 - SUCCESS: JSON file fetched and saved as astros.json
2025-09-06 22:14:02.708 | INFO     | utils_logger:<module>:41 - Logging to file: logs\project_log.log
2025-09-06 22:14:02.709 | INFO     | __main__:main:97 - Starting text fetch demonstration...
2025-09-06 22:14:02.709 | INFO     | __main__:fetch_txt_file:56 - Fetching text data from https://raw.githubusercontent.com/denisecase/datafun-03-analytics/main/hosted/romeo.txt...
2025-09-06 22:14:03.548 | INFO     | __main__:write_txt_file:80 - Writing data to example_data\romeo.txt...
2025-09-06 22:14:03.559 | INFO     | __main__:write_txt_file:84 - SUCCESS: Data written to example_data\romeo.txt
2025-09-06 22:14:03.559 | INFO     | __main__:fetch_txt_file:60 - SUCCESS: Text file fetched and saved as romeo.txt
